[debug] [2025-09-28T06:39:21.282Z] ----------------------------------------------------------------------
[debug] [2025-09-28T06:39:21.288Z] Command:       C:\Program Files\nodejs\node.exe C:\Users\Gopi\AppData\Roaming\npm\node_modules\firebase-tools\lib\bin\firebase.js init
[debug] [2025-09-28T06:39:21.289Z] CLI Version:   14.17.0
[debug] [2025-09-28T06:39:21.289Z] Platform:      win32
[debug] [2025-09-28T06:39:21.290Z] Node Version:  v22.14.0
[debug] [2025-09-28T06:39:21.291Z] Time:          Sun Sep 28 2025 12:09:21 GMT+0530 (India Standard Time)
[debug] [2025-09-28T06:39:21.291Z] ----------------------------------------------------------------------
[debug] 
[debug] [2025-09-28T06:39:21.522Z] > command requires scopes: ["email","openid","https://www.googleapis.com/auth/cloudplatformprojects.readonly","https://www.googleapis.com/auth/firebase","https://www.googleapis.com/auth/cloud-platform"]
[debug] [2025-09-28T06:39:21.524Z] > authorizing via signed-in user (jobvacancyinfo3@gmail.com)
[info] 
     ######## #### ########  ######## ########     ###     ######  ########
     ##        ##  ##     ## ##       ##     ##  ##   ##  ##       ##
     ######    ##  ########  ######   ########  #########  ######  ######
     ##        ##  ##    ##  ##       ##     ## ##     ##       ## ##
     ##       #### ##     ## ######## ########  ##     ##  ######  ########

You're about to initialize a Firebase project in this directory:

  C:\Users\Gopi\OneDrive\Desktop\daven work

Before we get started, keep in mind:

  * You are initializing within an existing Firebase project directory

[info] 
=== Project Setup
[info] 
[info] First, let's associate this project directory with a Firebase project.
[info] You can create multiple project aliases by running firebase use --add, 
[info] but for now we'll just set up a default project.
[info] 
[debug] [2025-09-28T06:39:34.299Z] Using project from CLI flag: tawin-jobs
[debug] [2025-09-28T06:39:34.300Z] Checked if tokens are valid: true, expires at: 1759044582024
[debug] [2025-09-28T06:39:34.301Z] Checked if tokens are valid: true, expires at: 1759044582024
[debug] [2025-09-28T06:39:34.302Z] >>> [apiv2][query] GET https://firebase.googleapis.com/v1beta1/projects/tawin-jobs [none]
[debug] [2025-09-28T06:39:34.878Z] <<< [apiv2][status] GET https://firebase.googleapis.com/v1beta1/projects/tawin-jobs 200
[debug] [2025-09-28T06:39:34.879Z] <<< [apiv2][body] GET https://firebase.googleapis.com/v1beta1/projects/tawin-jobs {"projectId":"tawin-jobs","projectNumber":"4454469647","displayName":"Tawin Jobs","name":"projects/tawin-jobs","resources":{"hostingSite":"tawin-jobs"},"state":"ACTIVE","etag":"1_3c6f45cc-fc21-4756-8fed-30f047c95de3"}
[info] i  Using project tawin-jobs (Tawin Jobs) 
[info] 
=== Dataconnect Setup
[debug] [2025-09-28T06:39:35.289Z] Checked if tokens are valid: true, expires at: 1759044582024
[debug] [2025-09-28T06:39:35.289Z] Checked if tokens are valid: true, expires at: 1759044582024
[debug] [2025-09-28T06:39:35.289Z] >>> [apiv2][query] GET https://cloudbilling.googleapis.com/v1/projects/tawin-jobs/billingInfo [none]
[debug] [2025-09-28T06:39:36.868Z] <<< [apiv2][status] GET https://cloudbilling.googleapis.com/v1/projects/tawin-jobs/billingInfo 200
[debug] [2025-09-28T06:39:36.868Z] <<< [apiv2][body] GET https://cloudbilling.googleapis.com/v1/projects/tawin-jobs/billingInfo {"name":"projects/tawin-jobs/billingInfo","projectId":"tawin-jobs","billingAccountName":"","billingEnabled":false}
[info] i  dataconnect: ensuring required API firebasedataconnect.googleapis.com is enabled... 
[info] i  dataconnect: ensuring required API sqladmin.googleapis.com is enabled... 
[debug] [2025-09-28T06:39:36.872Z] Checked if tokens are valid: true, expires at: 1759044582024
[debug] [2025-09-28T06:39:36.872Z] Checked if tokens are valid: true, expires at: 1759044582024
[debug] [2025-09-28T06:39:36.872Z] >>> [apiv2][query] GET https://firebasedataconnect.googleapis.com/v1/projects/tawin-jobs/locations/-/services [none]
[debug] [2025-09-28T06:39:38.795Z] <<< [apiv2][status] GET https://firebasedataconnect.googleapis.com/v1/projects/tawin-jobs/locations/-/services 200
[debug] [2025-09-28T06:39:38.795Z] <<< [apiv2][body] GET https://firebasedataconnect.googleapis.com/v1/projects/tawin-jobs/locations/-/services {}
[info] +  dataconnect: Detected existing apps functions (web) 
[debug] [2025-09-28T06:39:51.642Z] Checked if tokens are valid: true, expires at: 1759044582024
[debug] [2025-09-28T06:39:51.642Z] Checked if tokens are valid: true, expires at: 1759044582024
[debug] [2025-09-28T06:39:51.643Z] >>> [apiv2][query] GET https://firebasedataconnect.googleapis.com/v1/projects/tawin-jobs/locations/us-central1/services/davenwork/schemas/main [none]
[debug] [2025-09-28T06:39:53.410Z] <<< [apiv2][status] GET https://firebasedataconnect.googleapis.com/v1/projects/tawin-jobs/locations/us-central1/services/davenwork/schemas/main 404
[debug] [2025-09-28T06:39:53.410Z] <<< [apiv2][body] GET https://firebasedataconnect.googleapis.com/v1/projects/tawin-jobs/locations/us-central1/services/davenwork/schemas/main {"error":{"code":404,"message":"Resource 'projects/tawin-jobs/locations/us-central1/services/davenwork/schemas/main' was not found","status":"NOT_FOUND","details":[{"@type":"type.googleapis.com/google.rpc.ResourceInfo","resourceName":"projects/tawin-jobs/locations/us-central1/services/davenwork/schemas/main"}]}}
[info] i  dataconnect\dataconnect.yaml is unchanged 
[info] i  dataconnect\schema\schema.gql is unchanged 
